<?xml version="1.0" encoding="UTF-8"?>
<!-- Generated by org.testng.reporters.JUnitReportReporter -->
<testsuite hostname="WPM-ITO-EGALLAR" name="test.DataProviderTest" tests="1" failures="0" timestamp="27 Sep 2016 22:02:06 GMT" time="44.778" errors="0">
  <testcase name="csvTest" time="44.778" classname="test.DataProviderTest"/>
</testsuite> <!-- test.DataProviderTest -->
