<?xml version="1.0" encoding="UTF-8"?>
<!-- Generated by org.testng.reporters.JUnitReportReporter -->
<testsuite hostname="WPM-ITO-EGALLAR" name="test.Let_page_Load" tests="1" failures="0" timestamp="20 Sep 2016 19:29:26 GMT" time="7.208" errors="0">
  <testcase name="test1" time="7.208" classname="test.Let_page_Load"/>
</testsuite> <!-- test.Let_page_Load -->
