<?xml version="1.0" encoding="UTF-8"?>
<!-- Generated by org.testng.reporters.JUnitReportReporter -->
<testsuite hostname="WPM-ITO-EGALLAR" name="test.dataProvider" tests="3" failures="0" timestamp="21 Sep 2016 20:29:09 GMT" time="0.012" errors="0">
  <testcase name="csvTest" time="0.002" classname="test.dataProvider"/>
  <testcase name="csvTest" time="0.008" classname="test.dataProvider"/>
  <testcase name="csvTest" time="0.002" classname="test.dataProvider"/>
</testsuite> <!-- test.dataProvider -->
