<?xml version="1.0" encoding="UTF-8"?>
<!-- Generated by org.testng.reporters.JUnitReportReporter -->
<testsuite hostname="WPM-ITO-EGALLAR" name="test.Login_test" tests="1" failures="0" timestamp="22 Sep 2016 14:04:11 GMT" time="20.025" errors="0">
  <testcase name="loginTest" time="20.025" classname="test.Login_test"/>
</testsuite> <!-- test.Login_test -->
